2026-02-06T20:48:01.311Z - POST /api/patients - {"name":"Test Patient","age":75,"diagnosis":"Early Stage"}
2026-02-06T20:48:07.883Z - POST /api/patients - {"name":"Log Test","age":33,"diagnosis":"Early"}
2026-02-06T20:50:10.088Z - GET /api/patients - undefined
2026-02-06T20:50:10.109Z - GET /api/patients - undefined
2026-02-06T20:50:14.736Z - DELETE /api/patients/698646aca6ca4e9f27a7f814 - undefined
2026-02-06T20:50:14.753Z - GET /api/patients - undefined
2026-02-06T20:50:18.047Z - DELETE /api/patients/698652c83360cc5a73cc1de8 - undefined
2026-02-06T20:50:18.059Z - GET /api/patients - undefined
2026-02-06T20:50:20.278Z - DELETE /api/patients/6986531c3360cc5a73cc1dea - undefined
2026-02-06T20:50:20.292Z - GET /api/patients - undefined
2026-02-06T20:50:23.222Z - DELETE /api/patients/698653683360cc5a73cc1dec - undefined
2026-02-06T20:50:23.234Z - GET /api/patients - undefined
2026-02-06T20:50:25.539Z - DELETE /api/patients/6986538146f8235fe91f970d - undefined
2026-02-06T20:50:25.553Z - GET /api/patients - undefined
2026-02-06T20:50:30.138Z - GET /api/patients/6986538746f8235fe91f9711 - undefined
2026-02-06T20:50:30.145Z - GET /api/patients/6986538746f8235fe91f9711 - undefined
2026-02-06T20:50:30.148Z - GET /api/memories/patient/6986538746f8235fe91f9711 - undefined
2026-02-06T20:50:30.161Z - GET /api/memories/patient/6986538746f8235fe91f9711 - undefined
2026-02-06T20:50:54.247Z - GET /api/patients - undefined
2026-02-06T20:50:54.257Z - GET /api/patients - undefined
2026-02-06T20:50:57.003Z - GET /api/patients/6986467aa6ca4e9f27a7f804 - undefined
2026-02-06T20:50:57.010Z - GET /api/patients/6986467aa6ca4e9f27a7f804 - undefined
2026-02-06T20:50:57.013Z - GET /api/memories/patient/6986467aa6ca4e9f27a7f804 - undefined
2026-02-06T20:50:57.027Z - GET /api/memories/patient/6986467aa6ca4e9f27a7f804 - undefined
2026-02-06T21:23:24.657Z - GET /api/patients - undefined
2026-02-06T21:23:24.691Z - GET /api/patients - undefined
2026-02-06T21:23:28.244Z - GET /api/patients/6986467aa6ca4e9f27a7f804 - undefined
2026-02-06T21:23:28.257Z - GET /api/patients/6986467aa6ca4e9f27a7f804 - undefined
2026-02-06T21:23:28.263Z - GET /api/capsules/patient/6986467aa6ca4e9f27a7f804 - undefined
2026-02-06T21:23:28.308Z - GET /api/capsules/patient/6986467aa6ca4e9f27a7f804 - undefined
2026-02-06T21:23:30.393Z - GET /api/patients - undefined
2026-02-06T21:23:30.405Z - GET /api/patients - undefined
2026-02-06T21:23:31.495Z - GET /api/patients/6986467aa6ca4e9f27a7f804 - undefined
2026-02-06T21:23:31.508Z - GET /api/patients/6986467aa6ca4e9f27a7f804 - undefined
2026-02-06T21:23:31.511Z - GET /api/memories/patient/6986467aa6ca4e9f27a7f804 - undefined
2026-02-06T21:23:31.532Z - GET /api/memories/patient/6986467aa6ca4e9f27a7f804 - undefined
2026-02-06T21:24:43.241Z - GET /api/patients - undefined
2026-02-06T21:24:43.252Z - GET /api/patients - undefined
2026-02-06T21:24:51.077Z - DELETE /api/patients/6986538746f8235fe91f9711 - undefined
2026-02-06T21:24:51.093Z - GET /api/patients - undefined
2026-02-06T21:24:52.788Z - GET /api/patients/6986467aa6ca4e9f27a7f804 - undefined
2026-02-06T21:24:52.797Z - GET /api/patients/6986467aa6ca4e9f27a7f804 - undefined
2026-02-06T21:24:52.802Z - GET /api/memories/patient/6986467aa6ca4e9f27a7f804 - undefined
2026-02-06T21:24:52.812Z - GET /api/memories/patient/6986467aa6ca4e9f27a7f804 - undefined
2026-02-06T21:25:58.493Z - POST /api/memories - undefined
2026-02-06T21:25:58.545Z - GET /api/patients/6986467aa6ca4e9f27a7f804 - undefined
2026-02-06T21:25:58.558Z - GET /api/memories/patient/6986467aa6ca4e9f27a7f804 - undefined
2026-02-06T21:25:58.575Z - GET /uploads/1770413158507-2.jpg - undefined
2026-02-06T21:26:53.737Z - POST /api/memories - undefined
2026-02-06T21:26:53.757Z - GET /api/patients/6986467aa6ca4e9f27a7f804 - undefined
2026-02-06T21:26:53.774Z - GET /api/memories/patient/6986467aa6ca4e9f27a7f804 - undefined
2026-02-06T21:26:53.790Z - GET /uploads/1770413213740-5.jpg - undefined
2026-02-06T21:27:50.188Z - POST /api/memories - undefined
2026-02-06T21:27:50.207Z - GET /api/patients/6986467aa6ca4e9f27a7f804 - undefined
2026-02-06T21:27:50.226Z - GET /api/memories/patient/6986467aa6ca4e9f27a7f804 - undefined
2026-02-06T21:27:50.244Z - GET /uploads/1770413270190-6.jpg - undefined
2026-02-06T21:29:16.641Z - POST /api/memories - undefined
2026-02-06T21:29:16.663Z - GET /api/patients/6986467aa6ca4e9f27a7f804 - undefined
2026-02-06T21:29:16.716Z - GET /api/memories/patient/6986467aa6ca4e9f27a7f804 - undefined
2026-02-06T21:29:16.764Z - GET /uploads/1770413356646-3.jpg - undefined
2026-02-06T21:31:07.676Z - POST /api/memories - undefined
2026-02-06T21:31:07.694Z - GET /api/patients/6986467aa6ca4e9f27a7f804 - undefined
2026-02-06T21:31:07.706Z - GET /api/memories/patient/6986467aa6ca4e9f27a7f804 - undefined
2026-02-06T21:31:07.724Z - GET /uploads/1770413467679-1.jpg - undefined
2026-02-06T21:31:41.775Z - GET /uploads/1770413467679-1.jpg - undefined
2026-02-06T21:31:41.777Z - GET /uploads/1770413356646-3.jpg - undefined
2026-02-06T21:31:41.778Z - GET /uploads/1770413213740-5.jpg - undefined
2026-02-06T21:31:52.887Z - POST /api/capsules/generate - {"patientId":"6986467aa6ca4e9f27a7f804","memoryIds":["69865d9bc1824dd843a00d0f","69865d2cc1824dd843a00d0b","69865cd6c1824dd843a00d07","69865c9dc1824dd843a00d03","69865c66c1824dd843a00cff"],"title":"Life Journey: Shakil"}
2026-02-06T21:35:53.174Z - GET /api/patients/6986467aa6ca4e9f27a7f804 - undefined
2026-02-06T21:35:53.184Z - GET /api/patients/6986467aa6ca4e9f27a7f804 - undefined
2026-02-06T21:35:53.190Z - GET /api/memories/patient/6986467aa6ca4e9f27a7f804 - undefined
2026-02-06T21:35:53.205Z - GET /api/memories/patient/6986467aa6ca4e9f27a7f804 - undefined
2026-02-06T21:37:54.497Z - GET /api/patients/6986467aa6ca4e9f27a7f804 - undefined
2026-02-06T21:37:54.506Z - GET /api/patients/6986467aa6ca4e9f27a7f804 - undefined
2026-02-06T21:37:54.523Z - GET /api/memories/patient/6986467aa6ca4e9f27a7f804 - undefined
2026-02-06T21:37:54.534Z - GET /api/memories/patient/6986467aa6ca4e9f27a7f804 - undefined
2026-02-06T21:37:54.563Z - GET /uploads/1770413467679-1.jpg - undefined
2026-02-06T21:37:54.566Z - GET /uploads/1770413356646-3.jpg - undefined
2026-02-06T21:37:54.568Z - GET /uploads/1770413213740-5.jpg - undefined
2026-02-06T21:37:54.570Z - GET /uploads/1770413158507-2.jpg - undefined
2026-02-06T21:37:54.574Z - GET /uploads/1770413270190-6.jpg - undefined
2026-02-06T21:37:57.999Z - POST /api/capsules/generate - {"patientId":"6986467aa6ca4e9f27a7f804","memoryIds":["69865d9bc1824dd843a00d0f","69865d2cc1824dd843a00d0b","69865cd6c1824dd843a00d07","69865c9dc1824dd843a00d03","69865c66c1824dd843a00cff"],"title":"Life Journey: Shakil"}
2026-02-06T21:37:58.353Z - GET /api/capsules/69865f36c1824dd843a00d21 - undefined
2026-02-06T21:37:58.365Z - GET /api/capsules/69865f36c1824dd843a00d21 - undefined
2026-02-06T21:38:43.983Z - GET /api/patients/6986467aa6ca4e9f27a7f804 - undefined
2026-02-06T21:38:43.992Z - GET /api/patients/6986467aa6ca4e9f27a7f804 - undefined
2026-02-06T21:38:43.998Z - GET /api/capsules/patient/6986467aa6ca4e9f27a7f804 - undefined
2026-02-06T21:38:44.014Z - GET /api/capsules/patient/6986467aa6ca4e9f27a7f804 - undefined
2026-02-06T21:38:54.885Z - DELETE /api/capsules/69865dc8c1824dd843a00d14 - undefined
2026-02-06T21:38:54.904Z - GET /api/patients/6986467aa6ca4e9f27a7f804 - undefined
2026-02-06T21:38:54.924Z - GET /api/capsules/patient/6986467aa6ca4e9f27a7f804 - undefined
2026-02-06T21:38:58.185Z - DELETE /api/capsules/69865f36c1824dd843a00d21 - undefined
2026-02-06T21:38:58.217Z - GET /api/patients/6986467aa6ca4e9f27a7f804 - undefined
2026-02-06T21:38:58.241Z - GET /api/capsules/patient/6986467aa6ca4e9f27a7f804 - undefined
2026-02-06T21:39:00.382Z - GET /api/patients - undefined
2026-02-06T21:39:00.390Z - GET /api/patients - undefined
2026-02-06T21:39:03.565Z - GET /api/patients/6986467aa6ca4e9f27a7f804 - undefined
2026-02-06T21:39:03.574Z - GET /api/patients/6986467aa6ca4e9f27a7f804 - undefined
2026-02-06T21:39:03.579Z - GET /api/memories/patient/6986467aa6ca4e9f27a7f804 - undefined
2026-02-06T21:39:03.604Z - GET /api/memories/patient/6986467aa6ca4e9f27a7f804 - undefined
2026-02-06T21:39:03.649Z - GET /uploads/1770413467679-1.jpg - undefined
2026-02-06T21:39:03.656Z - GET /uploads/1770413356646-3.jpg - undefined
2026-02-06T21:39:03.658Z - GET /uploads/1770413270190-6.jpg - undefined
2026-02-06T21:39:03.664Z - GET /uploads/1770413213740-5.jpg - undefined
2026-02-06T21:39:03.666Z - GET /uploads/1770413158507-2.jpg - undefined
2026-02-06T21:39:06.180Z - POST /api/capsules/generate - {"patientId":"6986467aa6ca4e9f27a7f804","memoryIds":["69865d9bc1824dd843a00d0f","69865d2cc1824dd843a00d0b","69865cd6c1824dd843a00d07","69865c9dc1824dd843a00d03","69865c66c1824dd843a00cff"],"title":"Life Journey: Shakil"}
2026-02-06T21:39:06.515Z - GET /api/capsules/69865f7ac1824dd843a00d3d - undefined
2026-02-06T21:39:06.528Z - GET /api/capsules/69865f7ac1824dd843a00d3d - undefined
2026-02-06T21:40:04.279Z - GET /uploads/1770413356646-3.jpg - undefined
2026-02-06T21:40:12.211Z - GET /uploads/1770413270190-6.jpg - undefined
2026-02-06T21:40:20.229Z - GET /uploads/1770413213740-5.jpg - undefined
2026-02-06T21:40:22.447Z - GET /api/patients/6986467aa6ca4e9f27a7f804 - undefined
2026-02-06T21:40:22.455Z - GET /api/patients/6986467aa6ca4e9f27a7f804 - undefined
2026-02-06T21:40:22.460Z - GET /api/capsules/patient/6986467aa6ca4e9f27a7f804 - undefined
2026-02-06T21:40:22.475Z - GET /api/capsules/patient/6986467aa6ca4e9f27a7f804 - undefined
2026-02-06T21:40:27.122Z - DELETE /api/capsules/69865f7ac1824dd843a00d3d - undefined
2026-02-06T21:40:27.153Z - GET /api/patients/6986467aa6ca4e9f27a7f804 - undefined
2026-02-06T21:40:27.170Z - GET /api/capsules/patient/6986467aa6ca4e9f27a7f804 - undefined
2026-02-06T21:40:32.213Z - GET /api/patients - undefined
2026-02-06T21:40:32.222Z - GET /api/patients - undefined
2026-02-06T21:40:34.614Z - GET /api/patients/6986467aa6ca4e9f27a7f804 - undefined
2026-02-06T21:40:34.631Z - GET /api/patients/6986467aa6ca4e9f27a7f804 - undefined
2026-02-06T21:40:34.637Z - GET /api/memories/patient/6986467aa6ca4e9f27a7f804 - undefined
2026-02-06T21:40:34.663Z - GET /api/memories/patient/6986467aa6ca4e9f27a7f804 - undefined
2026-02-06T21:40:34.705Z - GET /uploads/1770413467679-1.jpg - undefined
2026-02-06T21:40:34.707Z - GET /uploads/1770413356646-3.jpg - undefined
2026-02-06T21:40:34.708Z - GET /uploads/1770413270190-6.jpg - undefined
2026-02-06T21:40:34.711Z - GET /uploads/1770413213740-5.jpg - undefined
2026-02-06T21:40:34.712Z - GET /uploads/1770413158507-2.jpg - undefined
2026-02-06T21:40:36.212Z - POST /api/capsules/generate - {"patientId":"6986467aa6ca4e9f27a7f804","memoryIds":["69865d9bc1824dd843a00d0f","69865d2cc1824dd843a00d0b","69865cd6c1824dd843a00d07","69865c9dc1824dd843a00d03","69865c66c1824dd843a00cff"],"title":"Life Journey: Shakil"}
2026-02-06T21:40:36.547Z - GET /api/capsules/69865fd4c1824dd843a00d55 - undefined
2026-02-06T21:40:36.559Z - GET /api/capsules/69865fd4c1824dd843a00d55 - undefined
2026-02-06T21:41:29.661Z - GET /api/patients/6986467aa6ca4e9f27a7f804 - undefined
2026-02-06T21:41:29.668Z - GET /api/patients/6986467aa6ca4e9f27a7f804 - undefined
2026-02-06T21:41:29.678Z - GET /api/capsules/patient/6986467aa6ca4e9f27a7f804 - undefined
2026-02-06T21:41:29.691Z - GET /api/capsules/patient/6986467aa6ca4e9f27a7f804 - undefined
2026-02-06T21:41:33.928Z - GET /api/patients - undefined
2026-02-06T21:41:33.936Z - GET /api/patients - undefined
2026-02-06T21:41:52.545Z - GET /api/patients - undefined
2026-02-06T21:41:52.556Z - GET /api/patients - undefined
2026-02-06T21:47:22.171Z - GET /api/patients - undefined
2026-02-06T21:47:33.173Z - GET /api/patients - undefined
2026-02-06T21:49:09.660Z - GET /api/patients - undefined
2026-02-06T21:49:09.669Z - GET /api/patients - undefined
2026-02-06T21:49:12.349Z - GET /api/memories/patient/6986467aa6ca4e9f27a7f804 - undefined
2026-02-06T21:49:12.389Z - GET /api/memories/patient/6986467aa6ca4e9f27a7f804 - undefined
2026-02-06T21:49:12.392Z - GET /api/capsules/patient/6986467aa6ca4e9f27a7f804 - undefined
2026-02-06T21:49:12.405Z - GET /api/capsules/patient/6986467aa6ca4e9f27a7f804 - undefined
2026-02-06T21:50:20.349Z - GET /api/patients - undefined
2026-02-06T21:50:20.358Z - GET /api/patients - undefined
2026-02-06T21:52:33.716Z - GET /api/patients - undefined
2026-02-06T21:52:33.728Z - GET /api/patients - undefined
2026-02-06T21:53:23.962Z - GET /api/patients - undefined
2026-02-06T21:53:23.977Z - GET /api/patients - undefined
2026-02-06T21:53:26.309Z - GET /api/memories/patient/6986467aa6ca4e9f27a7f804 - undefined
2026-02-06T21:53:26.324Z - GET /api/memories/patient/6986467aa6ca4e9f27a7f804 - undefined
2026-02-06T21:53:26.332Z - GET /api/capsules/patient/6986467aa6ca4e9f27a7f804 - undefined
2026-02-06T21:53:26.346Z - GET /api/capsules/patient/6986467aa6ca4e9f27a7f804 - undefined
2026-02-06T21:53:32.479Z - GET /api/memories/patient/6986467aa6ca4e9f27a7f804 - undefined
2026-02-06T21:53:32.493Z - GET /api/memories/patient/6986467aa6ca4e9f27a7f804 - undefined
2026-02-06T21:53:32.497Z - GET /api/capsules/patient/6986467aa6ca4e9f27a7f804 - undefined
2026-02-06T21:53:32.515Z - GET /api/capsules/patient/6986467aa6ca4e9f27a7f804 - undefined
2026-02-06T21:53:38.691Z - GET /api/patients - undefined
2026-02-06T21:53:38.699Z - GET /api/patients - undefined
2026-02-06T21:54:23.133Z - GET /api/patients - undefined
2026-02-06T21:54:23.144Z - GET /api/patients - undefined
2026-02-06T21:54:23.313Z - GET /api/patients - undefined
2026-02-06T21:54:23.324Z - GET /api/patients - undefined
2026-02-06T21:54:23.516Z - GET /api/patients - undefined
2026-02-06T21:54:23.527Z - GET /api/patients - undefined
2026-02-06T21:54:24.895Z - GET /api/memories/patient/6986467aa6ca4e9f27a7f804 - undefined
2026-02-06T21:54:24.915Z - GET /api/memories/patient/6986467aa6ca4e9f27a7f804 - undefined
2026-02-06T21:54:24.920Z - GET /api/capsules/patient/6986467aa6ca4e9f27a7f804 - undefined
2026-02-06T21:54:24.940Z - GET /api/capsules/patient/6986467aa6ca4e9f27a7f804 - undefined
2026-02-06T21:58:23.517Z - GET /api/memories/patient/6986467aa6ca4e9f27a7f804 - undefined
2026-02-06T21:58:23.553Z - GET /api/memories/patient/6986467aa6ca4e9f27a7f804 - undefined
2026-02-06T21:58:23.559Z - GET /api/capsules/patient/6986467aa6ca4e9f27a7f804 - undefined
2026-02-06T21:58:23.583Z - GET /api/capsules/patient/6986467aa6ca4e9f27a7f804 - undefined
2026-02-06T21:58:30.152Z - GET /api/patients - undefined
2026-02-06T21:58:30.162Z - GET /api/patients - undefined
2026-02-06T21:58:32.584Z - GET /api/patients - undefined
2026-02-06T21:58:32.595Z - GET /api/patients - undefined
2026-02-06T21:58:32.745Z - GET /api/patients - undefined
2026-02-06T21:58:32.755Z - GET /api/patients - undefined
2026-02-06T21:58:32.984Z - GET /api/patients - undefined
2026-02-06T21:58:32.994Z - GET /api/patients - undefined
2026-02-06T21:58:34.826Z - GET /api/memories/patient/6986467aa6ca4e9f27a7f804 - undefined
2026-02-06T21:58:34.838Z - GET /api/capsules/patient/6986467aa6ca4e9f27a7f804 - undefined
2026-02-06T21:58:35.137Z - GET /api/memories/patient/6986467aa6ca4e9f27a7f804 - undefined
2026-02-06T21:58:35.153Z - GET /api/capsules/patient/6986467aa6ca4e9f27a7f804 - undefined
2026-02-06T22:00:40.237Z - GET /api/memories/patient/6986467aa6ca4e9f27a7f804 - undefined
2026-02-06T22:00:40.250Z - GET /api/capsules/patient/6986467aa6ca4e9f27a7f804 - undefined
2026-02-06T22:01:46.396Z - GET /api/patients - undefined
2026-02-06T22:01:46.408Z - GET /api/patients - undefined
2026-02-06T22:01:47.777Z - GET /api/memories/patient/6986467aa6ca4e9f27a7f804 - undefined
2026-02-06T22:01:47.789Z - GET /api/memories/patient/6986467aa6ca4e9f27a7f804 - undefined
2026-02-06T22:01:47.796Z - GET /api/capsules/patient/6986467aa6ca4e9f27a7f804 - undefined
2026-02-06T22:01:47.809Z - GET /api/capsules/patient/6986467aa6ca4e9f27a7f804 - undefined
2026-02-06T22:16:02.145Z - GET /api/memories/patient/6986467aa6ca4e9f27a7f804 - undefined
2026-02-06T22:16:02.161Z - GET /api/memories/patient/6986467aa6ca4e9f27a7f804 - undefined
2026-02-06T22:16:02.171Z - GET /api/capsules/patient/6986467aa6ca4e9f27a7f804 - undefined
2026-02-06T22:16:02.184Z - GET /api/capsules/patient/6986467aa6ca4e9f27a7f804 - undefined
2026-02-06T22:16:06.122Z - GET /api/memories/patient/6986467aa6ca4e9f27a7f804 - undefined
2026-02-06T22:16:06.135Z - GET /api/memories/patient/6986467aa6ca4e9f27a7f804 - undefined
2026-02-06T22:16:06.141Z - GET /api/capsules/patient/6986467aa6ca4e9f27a7f804 - undefined
2026-02-06T22:16:06.156Z - GET /api/capsules/patient/6986467aa6ca4e9f27a7f804 - undefined
2026-02-06T22:16:11.006Z - GET /api/patients - undefined
2026-02-06T22:16:11.014Z - GET /api/patients - undefined
2026-02-06T22:24:43.851Z - GET /api/patients - undefined
2026-02-06T22:24:43.858Z - GET /api/patients - undefined
2026-02-06T22:24:45.549Z - GET /api/memories/patient/6986467aa6ca4e9f27a7f804 - undefined
2026-02-06T22:24:45.559Z - GET /api/memories/patient/6986467aa6ca4e9f27a7f804 - undefined
2026-02-06T22:24:45.565Z - GET /api/capsules/patient/6986467aa6ca4e9f27a7f804 - undefined
2026-02-06T22:24:45.577Z - GET /api/capsules/patient/6986467aa6ca4e9f27a7f804 - undefined
2026-02-06T22:26:20.698Z - GET /api/patients - undefined
2026-02-06T22:26:20.705Z - GET /api/patients - undefined
2026-02-06T22:26:26.356Z - GET /api/memories/patient/6986467aa6ca4e9f27a7f804 - undefined
2026-02-06T22:26:26.366Z - GET /api/memories/patient/6986467aa6ca4e9f27a7f804 - undefined
2026-02-06T22:26:26.373Z - GET /api/capsules/patient/6986467aa6ca4e9f27a7f804 - undefined
2026-02-06T22:26:26.385Z - GET /api/capsules/patient/6986467aa6ca4e9f27a7f804 - undefined
2026-02-06T22:27:48.716Z - GET /api/patients - undefined
2026-02-06T22:27:48.724Z - GET /api/patients - undefined
2026-02-06T22:27:50.872Z - GET /api/memories/patient/6986467aa6ca4e9f27a7f804 - undefined
2026-02-06T22:27:50.882Z - GET /api/memories/patient/6986467aa6ca4e9f27a7f804 - undefined
2026-02-06T22:27:50.888Z - GET /api/capsules/patient/6986467aa6ca4e9f27a7f804 - undefined
2026-02-06T22:27:50.898Z - GET /api/capsules/patient/6986467aa6ca4e9f27a7f804 - undefined
2026-02-06T22:29:33.816Z - GET /api/memories/patient/6986467aa6ca4e9f27a7f804 - undefined
2026-02-06T22:29:33.827Z - GET /api/memories/patient/6986467aa6ca4e9f27a7f804 - undefined
2026-02-06T22:29:33.846Z - GET /api/capsules/patient/6986467aa6ca4e9f27a7f804 - undefined
2026-02-06T22:29:33.859Z - GET /api/capsules/patient/6986467aa6ca4e9f27a7f804 - undefined
2026-02-06T22:36:26.289Z - GET /api/capsules/patient/6986467aa6ca4e9f27a7f804 - undefined
2026-02-06T22:37:11.125Z - GET /api/capsules/patient/6986467aa6ca4e9f27a7f804 - undefined
2026-02-07T03:40:09.158Z - GET /api/patients - undefined
2026-02-07T03:40:09.194Z - GET /api/patients - undefined
2026-02-07T03:40:20.754Z - GET /api/patients - undefined
2026-02-07T03:40:20.762Z - GET /api/patients - undefined
2026-02-07T03:44:37.762Z - GET /api/memories/patient/6986467aa6ca4e9f27a7f804 - undefined
2026-02-07T03:44:37.792Z - GET /api/memories/patient/6986467aa6ca4e9f27a7f804 - undefined
2026-02-07T03:44:37.796Z - GET /api/capsules/patient/6986467aa6ca4e9f27a7f804 - undefined
2026-02-07T03:44:37.843Z - GET /api/capsules/patient/6986467aa6ca4e9f27a7f804 - undefined
2026-02-07T03:53:50.157Z - GET /api/memories/patient/6986467aa6ca4e9f27a7f804 - undefined
2026-02-07T03:53:50.170Z - GET /api/memories/patient/6986467aa6ca4e9f27a7f804 - undefined
2026-02-07T03:53:50.173Z - GET /api/capsules/patient/6986467aa6ca4e9f27a7f804 - undefined
2026-02-07T03:53:50.193Z - GET /api/capsules/patient/6986467aa6ca4e9f27a7f804 - undefined
2026-02-07T03:56:08.948Z - GET /api/patients - undefined
2026-02-07T03:56:08.955Z - GET /api/patients - undefined
2026-02-07T03:56:10.934Z - GET /api/memories/patient/6986467aa6ca4e9f27a7f804 - undefined
2026-02-07T03:56:10.945Z - GET /api/memories/patient/6986467aa6ca4e9f27a7f804 - undefined
2026-02-07T03:56:10.949Z - GET /api/capsules/patient/6986467aa6ca4e9f27a7f804 - undefined
2026-02-07T03:56:10.962Z - GET /api/capsules/patient/6986467aa6ca4e9f27a7f804 - undefined
2026-02-07T03:56:23.309Z - GET /api/patients - undefined
2026-02-07T03:56:23.317Z - GET /api/patients - undefined
2026-02-07T03:56:24.718Z - GET /api/memories/patient/6986467aa6ca4e9f27a7f804 - undefined
2026-02-07T03:56:24.727Z - GET /api/memories/patient/6986467aa6ca4e9f27a7f804 - undefined
2026-02-07T03:56:24.730Z - GET /api/capsules/patient/6986467aa6ca4e9f27a7f804 - undefined
2026-02-07T03:56:24.744Z - GET /api/capsules/patient/6986467aa6ca4e9f27a7f804 - undefined
2026-02-07T04:06:46.779Z - GET /api/patients - undefined
2026-02-07T04:06:46.788Z - GET /api/patients - undefined
2026-02-07T04:06:47.812Z - GET /api/memories/patient/6986467aa6ca4e9f27a7f804 - undefined
2026-02-07T04:06:47.820Z - GET /api/memories/patient/6986467aa6ca4e9f27a7f804 - undefined
2026-02-07T04:06:47.823Z - GET /api/capsules/patient/6986467aa6ca4e9f27a7f804 - undefined
2026-02-07T04:06:47.836Z - GET /api/capsules/patient/6986467aa6ca4e9f27a7f804 - undefined
2026-02-07T04:07:20.397Z - GET /api/patients - undefined
2026-02-07T04:07:20.404Z - GET /api/patients - undefined
2026-02-07T04:07:23.469Z - GET /api/memories/patient/6986467aa6ca4e9f27a7f804 - undefined
2026-02-07T04:07:23.480Z - GET /api/memories/patient/6986467aa6ca4e9f27a7f804 - undefined
2026-02-07T04:07:23.483Z - GET /api/capsules/patient/6986467aa6ca4e9f27a7f804 - undefined
2026-02-07T04:07:23.496Z - GET /api/capsules/patient/6986467aa6ca4e9f27a7f804 - undefined
2026-02-07T04:14:14.771Z - GET /api/memories/patient/6986467aa6ca4e9f27a7f804 - undefined
2026-02-07T04:14:14.779Z - GET /api/capsules/patient/6986467aa6ca4e9f27a7f804 - undefined
2026-02-07T04:14:53.767Z - GET /api/memories/patient/6986467aa6ca4e9f27a7f804 - undefined
2026-02-07T04:14:53.779Z - GET /api/capsules/patient/6986467aa6ca4e9f27a7f804 - undefined
2026-02-07T04:15:17.518Z - GET /api/patients - undefined
2026-02-07T04:15:17.525Z - GET /api/patients - undefined
2026-02-07T04:17:08.082Z - GET /api/patients - undefined
2026-02-07T04:17:08.089Z - GET /api/patients - undefined
2026-02-07T04:17:08.163Z - GET /api/patients - undefined
2026-02-07T04:17:08.172Z - GET /api/patients - undefined
2026-02-07T04:17:08.283Z - GET /api/patients - undefined
2026-02-07T04:17:08.291Z - GET /api/patients - undefined
2026-02-07T04:17:08.404Z - GET /api/patients - undefined
2026-02-07T04:17:08.413Z - GET /api/patients - undefined
2026-02-07T04:17:08.597Z - GET /api/patients - undefined
2026-02-07T04:17:08.605Z - GET /api/patients - undefined
2026-02-07T04:17:10.261Z - GET /api/memories/patient/6986467aa6ca4e9f27a7f804 - undefined
2026-02-07T04:17:10.272Z - GET /api/memories/patient/6986467aa6ca4e9f27a7f804 - undefined
2026-02-07T04:17:10.276Z - GET /api/capsules/patient/6986467aa6ca4e9f27a7f804 - undefined
2026-02-07T04:17:10.287Z - GET /api/capsules/patient/6986467aa6ca4e9f27a7f804 - undefined
2026-02-07T04:17:36.201Z - GET /api/patients - undefined
2026-02-07T04:17:36.207Z - GET /api/patients - undefined
2026-02-07T04:26:41.690Z - GET /api/patients - undefined
2026-02-07T04:26:41.696Z - GET /api/patients - undefined
2026-02-07T04:26:43.263Z - GET /api/memories/patient/6986467aa6ca4e9f27a7f804 - undefined
2026-02-07T04:26:43.271Z - GET /api/memories/patient/6986467aa6ca4e9f27a7f804 - undefined
2026-02-07T04:26:43.276Z - GET /api/capsules/patient/6986467aa6ca4e9f27a7f804 - undefined
2026-02-07T04:26:43.289Z - GET /api/capsules/patient/6986467aa6ca4e9f27a7f804 - undefined
2026-02-07T04:43:20.891Z - GET /api/patients - undefined
2026-02-07T04:43:20.899Z - GET /api/patients - undefined
2026-02-07T04:43:23.050Z - GET /api/memories/patient/6986467aa6ca4e9f27a7f804 - undefined
2026-02-07T04:43:23.058Z - GET /api/memories/patient/6986467aa6ca4e9f27a7f804 - undefined
2026-02-07T04:43:23.065Z - GET /api/capsules/patient/6986467aa6ca4e9f27a7f804 - undefined
2026-02-07T04:43:23.075Z - GET /api/capsules/patient/6986467aa6ca4e9f27a7f804 - undefined
2026-02-07T04:52:06.491Z - GET /api/patients - undefined
2026-02-07T04:52:06.497Z - GET /api/patients - undefined
2026-02-07T04:52:09.636Z - GET /api/patients/6986467aa6ca4e9f27a7f804 - undefined
2026-02-07T04:52:09.723Z - GET /api/patients/6986467aa6ca4e9f27a7f804 - undefined
2026-02-07T04:52:09.726Z - GET /api/memories/patient/6986467aa6ca4e9f27a7f804 - undefined
2026-02-07T04:52:09.737Z - GET /api/memories/patient/6986467aa6ca4e9f27a7f804 - undefined
2026-02-07T04:52:09.748Z - GET /uploads/1770413467679-1.jpg - undefined
2026-02-07T04:52:09.752Z - GET /uploads/1770413356646-3.jpg - undefined
2026-02-07T04:52:09.754Z - GET /uploads/1770413270190-6.jpg - undefined
2026-02-07T04:52:09.755Z - GET /uploads/1770413213740-5.jpg - undefined
2026-02-07T04:52:09.757Z - GET /uploads/1770413158507-2.jpg - undefined
2026-02-07T04:58:25.750Z - GET /api/patients/6986467aa6ca4e9f27a7f804 - undefined
2026-02-07T04:58:25.759Z - GET /api/memories/patient/6986467aa6ca4e9f27a7f804 - undefined
2026-02-07T04:58:50.264Z - GET /api/patients - undefined
2026-02-07T04:58:50.271Z - GET /api/patients - undefined
2026-02-07T05:01:37.216Z - GET /api/patients - undefined
2026-02-07T05:01:37.222Z - GET /api/patients - undefined
2026-02-07T05:01:47.592Z - GET /api/patients - undefined
2026-02-07T05:01:47.599Z - GET /api/patients - undefined
2026-02-07T05:01:49.736Z - GET /api/patients/6986467aa6ca4e9f27a7f804 - undefined
2026-02-07T05:01:49.744Z - GET /api/patients/6986467aa6ca4e9f27a7f804 - undefined
2026-02-07T05:01:49.748Z - GET /api/memories/patient/6986467aa6ca4e9f27a7f804 - undefined
2026-02-07T05:01:49.756Z - GET /api/memories/patient/6986467aa6ca4e9f27a7f804 - undefined
2026-02-07T05:01:49.774Z - GET /uploads/1770413467679-1.jpg - undefined
2026-02-07T05:01:49.775Z - GET /uploads/1770413356646-3.jpg - undefined
2026-02-07T05:01:49.777Z - GET /uploads/1770413158507-2.jpg - undefined
2026-02-07T05:01:49.780Z - GET /uploads/1770413213740-5.jpg - undefined
2026-02-07T05:01:49.783Z - GET /uploads/1770413270190-6.jpg - undefined
2026-02-07T05:05:22.751Z - GET /api/patients/6986467aa6ca4e9f27a7f804 - undefined
2026-02-07T05:05:22.758Z - GET /api/patients/6986467aa6ca4e9f27a7f804 - undefined
2026-02-07T05:05:22.762Z - GET /api/memories/patient/6986467aa6ca4e9f27a7f804 - undefined
2026-02-07T05:05:22.799Z - GET /api/memories/patient/6986467aa6ca4e9f27a7f804 - undefined
2026-02-07T05:05:43.657Z - DELETE /api/memories/69865c66c1824dd843a00cff - undefined
2026-02-07T05:05:43.668Z - GET /api/patients/6986467aa6ca4e9f27a7f804 - undefined
2026-02-07T05:05:43.678Z - GET /api/memories/patient/6986467aa6ca4e9f27a7f804 - undefined
2026-02-07T05:06:29.711Z - POST /api/memories - undefined
2026-02-07T05:06:29.745Z - GET /api/patients/6986467aa6ca4e9f27a7f804 - undefined
2026-02-07T05:06:29.763Z - GET /api/memories/patient/6986467aa6ca4e9f27a7f804 - undefined
2026-02-07T05:06:29.790Z - GET /uploads/1770440789720-2.jpg - undefined
2026-02-07T05:08:12.577Z - GET /api/patients/6986467aa6ca4e9f27a7f804 - undefined
2026-02-07T05:08:12.587Z - GET /api/memories/patient/6986467aa6ca4e9f27a7f804 - undefined
2026-02-07T05:09:36.741Z - GET /api/patients/6986467aa6ca4e9f27a7f804 - undefined
2026-02-07T05:09:36.747Z - GET /api/patients/6986467aa6ca4e9f27a7f804 - undefined
2026-02-07T05:09:36.751Z - GET /api/memories/patient/6986467aa6ca4e9f27a7f804 - undefined
2026-02-07T05:09:36.780Z - GET /api/memories/patient/6986467aa6ca4e9f27a7f804 - undefined
2026-02-07T05:53:49.187Z - GET /api/patients - undefined
2026-02-07T05:53:49.556Z - GET /api/patients - undefined
2026-02-07T05:53:49.568Z - GET /api/patients - undefined
2026-02-07T05:53:55.668Z - GET /api/patients/698626a84f75a4b3e051c2e4 - undefined
2026-02-07T05:53:55.686Z - GET /api/patients/698626a84f75a4b3e051c2e4 - undefined
2026-02-07T05:53:55.693Z - GET /api/memories/patient/698626a84f75a4b3e051c2e4 - undefined
2026-02-07T05:53:55.751Z - GET /api/memories/patient/698626a84f75a4b3e051c2e4 - undefined
2026-02-07T05:54:52.297Z - POST /api/memories - undefined
2026-02-07T05:54:52.347Z - GET /api/patients/698626a84f75a4b3e051c2e4 - undefined
2026-02-07T05:54:52.379Z - GET /api/memories/patient/698626a84f75a4b3e051c2e4 - undefined
2026-02-07T05:54:52.434Z - GET /uploads/1770443692307-2.jpg - undefined
2026-02-07T05:55:25.300Z - POST /api/memories - undefined
2026-02-07T05:55:25.321Z - GET /api/patients/698626a84f75a4b3e051c2e4 - undefined
2026-02-07T05:55:25.349Z - GET /api/memories/patient/698626a84f75a4b3e051c2e4 - undefined
2026-02-07T05:55:25.398Z - GET /uploads/1770443725303-6.jpg - undefined
2026-02-07T05:55:59.035Z - POST /api/memories - undefined
2026-02-07T05:55:59.058Z - GET /api/patients/698626a84f75a4b3e051c2e4 - undefined
2026-02-07T05:55:59.091Z - GET /api/memories/patient/698626a84f75a4b3e051c2e4 - undefined
2026-02-07T05:55:59.132Z - GET /uploads/1770443759039-3.jpg - undefined
2026-02-07T05:56:35.513Z - POST /api/memories - undefined
2026-02-07T05:56:35.532Z - GET /api/patients/698626a84f75a4b3e051c2e4 - undefined
2026-02-07T05:56:35.570Z - GET /api/memories/patient/698626a84f75a4b3e051c2e4 - undefined
2026-02-07T05:56:35.628Z - GET /uploads/1770443795517-5.jpg - undefined
2026-02-07T05:57:16.686Z - POST /api/memories - undefined
2026-02-07T05:57:16.704Z - GET /api/patients/698626a84f75a4b3e051c2e4 - undefined
2026-02-07T05:57:16.738Z - GET /api/memories/patient/698626a84f75a4b3e051c2e4 - undefined
2026-02-07T05:57:16.782Z - GET /uploads/1770443836691-1.jpg - undefined
2026-02-07T05:57:35.514Z - POST /api/capsules/generate - {"patientId":"698626a84f75a4b3e051c2e4","memoryIds":["6986d43cd8862a76a5a8ea78","6986d413d8862a76a5a8ea74","6986d3efd8862a76a5a8ea70","6986d3cdd8862a76a5a8ea6c","6986d3acd8862a76a5a8ea68"],"title":"Life Journey: Shakil"}
2026-02-07T05:57:35.890Z - GET /api/capsules/6986d44fd8862a76a5a8ea7d - undefined
2026-02-07T05:57:35.906Z - GET /api/capsules/6986d44fd8862a76a5a8ea7d - undefined
2026-02-07T05:58:01.344Z - GET /api/patients/698626a84f75a4b3e051c2e4 - undefined
2026-02-07T05:58:01.355Z - GET /api/patients/698626a84f75a4b3e051c2e4 - undefined
2026-02-07T05:58:01.366Z - GET /api/capsules/patient/698626a84f75a4b3e051c2e4 - undefined
2026-02-07T05:58:01.383Z - GET /api/capsules/patient/698626a84f75a4b3e051c2e4 - undefined
2026-02-07T05:58:21.710Z - GET /api/patients - undefined
2026-02-07T05:58:21.720Z - GET /api/patients - undefined
2026-02-07T05:58:28.432Z - GET /api/memories/patient/698626a84f75a4b3e051c2e4 - undefined
2026-02-07T05:58:28.446Z - GET /api/memories/patient/698626a84f75a4b3e051c2e4 - undefined
2026-02-07T05:58:28.455Z - GET /api/capsules/patient/698626a84f75a4b3e051c2e4 - undefined
2026-02-07T05:58:28.472Z - GET /api/capsules/patient/698626a84f75a4b3e051c2e4 - undefined
2026-02-07T06:03:16.110Z - GET /api/patients - undefined
2026-02-07T06:03:16.120Z - GET /api/patients - undefined
2026-02-07T06:03:20.713Z - GET /api/patients/698626a84f75a4b3e051c2e4 - undefined
2026-02-07T06:03:20.721Z - GET /api/patients/698626a84f75a4b3e051c2e4 - undefined
2026-02-07T06:03:20.725Z - GET /api/memories/patient/698626a84f75a4b3e051c2e4 - undefined
2026-02-07T06:03:20.746Z - GET /api/memories/patient/698626a84f75a4b3e051c2e4 - undefined
2026-02-07T06:03:20.774Z - GET /uploads/1770443836691-1.jpg - undefined
2026-02-07T06:03:20.781Z - GET /uploads/1770443795517-5.jpg - undefined
2026-02-07T06:03:20.786Z - GET /uploads/1770443759039-3.jpg - undefined
2026-02-07T06:03:20.788Z - GET /uploads/1770443725303-6.jpg - undefined
2026-02-07T06:03:20.794Z - GET /uploads/1770443692307-2.jpg - undefined
2026-02-07T06:03:39.193Z - GET /api/patients - undefined
2026-02-07T06:03:39.202Z - GET /api/patients - undefined
2026-02-07T06:11:43.081Z - GET /api/patients - undefined
2026-02-07T06:11:43.093Z - GET /api/patients - undefined
2026-02-07T06:11:46.264Z - GET /api/patients/698626a84f75a4b3e051c2e4 - undefined
2026-02-07T06:11:46.275Z - GET /api/patients/698626a84f75a4b3e051c2e4 - undefined
2026-02-07T06:11:46.282Z - GET /api/memories/patient/698626a84f75a4b3e051c2e4 - undefined
2026-02-07T06:11:46.314Z - GET /api/memories/patient/698626a84f75a4b3e051c2e4 - undefined
2026-02-07T06:12:10.532Z - GET /api/patients - undefined
2026-02-07T06:12:10.543Z - GET /api/patients - undefined
2026-02-07T06:12:20.636Z - GET /api/memories/patient/698626a84f75a4b3e051c2e4 - undefined
2026-02-07T06:12:20.653Z - GET /api/memories/patient/698626a84f75a4b3e051c2e4 - undefined
2026-02-07T06:12:20.672Z - GET /api/capsules/patient/698626a84f75a4b3e051c2e4 - undefined
2026-02-07T06:12:20.693Z - GET /api/capsules/patient/698626a84f75a4b3e051c2e4 - undefined
2026-02-07T06:14:02.143Z - GET /api/patients - undefined
2026-02-07T06:14:02.157Z - GET /api/patients - undefined
2026-02-07T06:14:15.080Z - POST /api/patients - {"name":"sakthi","age":"78","diagnosis":"Middle"}
2026-02-07T06:14:15.099Z - GET /api/patients - undefined
2026-02-07T06:14:18.575Z - GET /api/patients/6986d837d8862a76a5a8eaab - undefined
2026-02-07T06:14:18.585Z - GET /api/patients/6986d837d8862a76a5a8eaab - undefined
2026-02-07T06:14:18.589Z - GET /api/memories/patient/6986d837d8862a76a5a8eaab - undefined
2026-02-07T06:14:18.642Z - GET /api/memories/patient/6986d837d8862a76a5a8eaab - undefined
2026-02-07T06:14:30.259Z - GET /api/patients - undefined
2026-02-07T06:14:30.271Z - GET /api/patients - undefined
2026-02-07T06:14:31.975Z - GET /api/patients/698626a84f75a4b3e051c2e4 - undefined
2026-02-07T06:14:31.985Z - GET /api/patients/698626a84f75a4b3e051c2e4 - undefined
2026-02-07T06:14:31.990Z - GET /api/memories/patient/698626a84f75a4b3e051c2e4 - undefined
2026-02-07T06:14:32.022Z - GET /api/memories/patient/698626a84f75a4b3e051c2e4 - undefined
2026-02-07T06:14:34.122Z - POST /api/capsules/generate - {"patientId":"698626a84f75a4b3e051c2e4","memoryIds":["6986d43cd8862a76a5a8ea78","6986d413d8862a76a5a8ea74","6986d3efd8862a76a5a8ea70","6986d3cdd8862a76a5a8ea6c","6986d3acd8862a76a5a8ea68"],"title":"Life Journey: Shakil"}
2026-02-07T06:14:34.460Z - GET /api/capsules/6986d84ad8862a76a5a8eab9 - undefined
2026-02-07T06:14:34.472Z - GET /api/capsules/6986d84ad8862a76a5a8eab9 - undefined
2026-02-07T06:15:33.440Z - GET /api/patients/698626a84f75a4b3e051c2e4 - undefined
2026-02-07T06:15:33.452Z - GET /api/patients/698626a84f75a4b3e051c2e4 - undefined
2026-02-07T06:15:33.475Z - GET /api/capsules/patient/698626a84f75a4b3e051c2e4 - undefined
2026-02-07T06:15:33.490Z - GET /api/capsules/patient/698626a84f75a4b3e051c2e4 - undefined
2026-02-07T06:22:00.899Z - GET /api/patients - undefined
2026-02-07T06:22:00.911Z - GET /api/patients - undefined
2026-02-07T08:02:21.633Z - GET /api/patients - undefined
2026-02-07T08:02:21.686Z - GET /api/patients - undefined
2026-02-07T08:02:25.842Z - GET /api/patients - undefined
2026-02-07T08:02:25.852Z - GET /api/patients - undefined
2026-02-07T08:02:31.073Z - DELETE /api/patients/6986467aa6ca4e9f27a7f804 - undefined
2026-02-07T08:02:31.113Z - GET /api/patients - undefined
2026-02-07T08:02:48.223Z - GET /api/patients - undefined
2026-02-07T08:02:48.233Z - GET /api/patients - undefined
2026-02-07T12:33:50.670Z - GET /api/patients - undefined
2026-02-07T12:33:50.708Z - GET /api/patients - undefined
2026-02-07T12:34:03.695Z - POST /api/patients - {"name":"ssssssssss","age":"81","diagnosis":"Middle"}
2026-02-07T12:34:03.733Z - GET /api/patients - undefined
2026-02-07T12:34:07.466Z - GET /api/patients/6987313b22e2eb8ae12ed398 - undefined
2026-02-07T12:34:07.481Z - GET /api/patients/6987313b22e2eb8ae12ed398 - undefined
2026-02-07T12:34:07.488Z - GET /api/memories/patient/6987313b22e2eb8ae12ed398 - undefined
2026-02-07T12:34:07.530Z - GET /api/memories/patient/6987313b22e2eb8ae12ed398 - undefined
2026-02-07T12:34:41.425Z - POST /api/memories - undefined
2026-02-07T12:34:41.477Z - GET /api/patients/6987313b22e2eb8ae12ed398 - undefined
2026-02-07T12:34:41.502Z - GET /api/memories/patient/6987313b22e2eb8ae12ed398 - undefined
2026-02-07T12:34:41.566Z - GET /uploads/1770467681434-2.jpg - undefined
2026-02-07T12:35:17.213Z - POST /api/memories - undefined
2026-02-07T12:35:17.232Z - GET /api/patients/6987313b22e2eb8ae12ed398 - undefined
2026-02-07T12:35:17.265Z - GET /api/memories/patient/6987313b22e2eb8ae12ed398 - undefined
2026-02-07T12:35:17.310Z - GET /uploads/1770467717215-3.jpg - undefined
2026-02-07T12:36:04.582Z - POST /api/memories - undefined
2026-02-07T12:36:04.600Z - GET /api/patients/6987313b22e2eb8ae12ed398 - undefined
2026-02-07T12:36:04.632Z - GET /api/memories/patient/6987313b22e2eb8ae12ed398 - undefined
2026-02-07T12:36:04.673Z - GET /uploads/1770467764585-1.jpg - undefined
2026-02-07T12:36:49.164Z - POST /api/capsules/generate - {"patientId":"6987313b22e2eb8ae12ed398","memoryIds":["698731b422e2eb8ae12ed3a7","6987318522e2eb8ae12ed3a3","6987316122e2eb8ae12ed39f"],"title":"Life Journey: ssssssssss"}
2026-02-07T12:36:49.596Z - GET /api/capsules/698731e122e2eb8ae12ed3ac - undefined
2026-02-07T12:36:49.610Z - GET /api/capsules/698731e122e2eb8ae12ed3ac - undefined
2026-02-07T12:37:43.042Z - GET /api/patients/6987313b22e2eb8ae12ed398 - undefined
2026-02-07T12:37:43.053Z - GET /api/patients/6987313b22e2eb8ae12ed398 - undefined
2026-02-07T12:37:43.056Z - GET /api/capsules/patient/6987313b22e2eb8ae12ed398 - undefined
2026-02-07T12:37:43.074Z - GET /api/capsules/patient/6987313b22e2eb8ae12ed398 - undefined
2026-02-07T12:37:45.710Z - GET /api/patients - undefined
2026-02-07T12:37:45.723Z - GET /api/patients - undefined
2026-02-07T12:38:02.093Z - GET /api/patients - undefined
2026-02-07T12:38:02.106Z - GET /api/patients - undefined
2026-02-07T12:38:10.066Z - GET /api/memories/patient/6987313b22e2eb8ae12ed398 - undefined
2026-02-07T12:38:10.089Z - GET /api/memories/patient/6987313b22e2eb8ae12ed398 - undefined
2026-02-07T12:38:10.095Z - GET /api/capsules/patient/6987313b22e2eb8ae12ed398 - undefined
2026-02-07T12:38:10.111Z - GET /api/capsules/patient/6987313b22e2eb8ae12ed398 - undefined
2026-02-10T12:39:12.542Z - GET /api/patients - undefined
2026-02-10T12:39:12.577Z - GET /api/patients - undefined
2026-02-10T12:53:21.224Z - GET /api/patients - undefined
2026-02-10T12:53:21.238Z - GET /api/patients - undefined
2026-02-10T12:54:07.844Z - GET /api/patients - undefined
2026-02-10T12:54:07.859Z - GET /api/patients - undefined
2026-02-10T12:54:09.217Z - GET /api/memories/patient/698af08ec908a5c8a3639792 - undefined
2026-02-10T12:54:09.240Z - GET /api/memories/patient/698af08ec908a5c8a3639792 - undefined
2026-02-10T12:54:09.246Z - GET /api/capsules/patient/698af08ec908a5c8a3639792 - undefined
2026-02-10T12:54:09.265Z - GET /api/capsules/patient/698af08ec908a5c8a3639792 - undefined
2026-02-10T14:08:27.674Z - HEAD / - undefined
2026-02-10T14:13:45.180Z - HEAD / - undefined
2026-02-10T14:16:37.122Z - HEAD / - undefined
2026-02-10T14:17:09.203Z - HEAD / - undefined
2026-02-10T14:17:27.548Z - GET /api/patients - undefined
2026-02-10T14:17:27.574Z - GET /api/patients - undefined
2026-02-10T14:17:32.375Z - GET / - undefined
2026-02-10T14:17:38.702Z - POST /api/patients - {"name":"Alex","age":"80","diagnosis":"Severe"}
2026-02-10T14:17:38.725Z - GET /api/patients - undefined
2026-02-10T14:17:41.771Z - GET /api/patients/698b3e027f2e9c135dd97792 - undefined
2026-02-10T14:17:41.782Z - GET /api/patients/698b3e027f2e9c135dd97792 - undefined
2026-02-10T14:17:41.786Z - GET /api/memories/patient/698b3e027f2e9c135dd97792 - undefined
2026-02-10T14:17:41.806Z - GET /api/memories/patient/698b3e027f2e9c135dd97792 - undefined
2026-02-10T14:18:11.173Z - POST /api/memories - undefined
2026-02-10T14:18:11.202Z - GET /api/patients/698b3e027f2e9c135dd97792 - undefined
2026-02-10T14:18:11.218Z - GET /api/memories/patient/698b3e027f2e9c135dd97792 - undefined
2026-02-10T14:18:11.261Z - GET /uploads/1770733091182-images.png - undefined
2026-02-10T14:18:21.523Z - POST /api/capsules/generate - {"patientId":"698b3e027f2e9c135dd97792","memoryIds":["698b3e237f2e9c135dd97799"],"title":"Life Journey: Alex"}
2026-02-10T14:18:21.868Z - GET /api/capsules/698b3e2d7f2e9c135dd9779e - undefined
2026-02-10T14:18:21.880Z - GET /api/capsules/698b3e2d7f2e9c135dd9779e - undefined
2026-02-10T14:18:23.783Z - GET /api/patients/698b3e027f2e9c135dd97792 - undefined
2026-02-10T14:18:23.793Z - GET /api/patients/698b3e027f2e9c135dd97792 - undefined
2026-02-10T14:18:23.797Z - GET /api/capsules/patient/698b3e027f2e9c135dd97792 - undefined
2026-02-10T14:18:23.809Z - GET /api/capsules/patient/698b3e027f2e9c135dd97792 - undefined
2026-02-10T14:18:25.742Z - GET /api/patients - undefined
2026-02-10T14:18:25.752Z - GET /api/patients - undefined
2026-02-10T14:18:40.033Z - GET /api/patients - undefined
2026-02-10T14:18:40.043Z - GET /api/patients - undefined
2026-02-10T14:18:51.841Z - GET /api/patients - undefined
2026-02-10T14:18:51.851Z - GET /api/patients - undefined
2026-02-10T14:18:55.609Z - GET /api/memories/patient/698b3e027f2e9c135dd97792 - undefined
2026-02-10T14:18:55.623Z - GET /api/memories/patient/698b3e027f2e9c135dd97792 - undefined
2026-02-10T14:18:55.628Z - GET /api/capsules/patient/698b3e027f2e9c135dd97792 - undefined
2026-02-10T14:18:55.642Z - GET /api/capsules/patient/698b3e027f2e9c135dd97792 - undefined
2026-02-10T14:19:25.382Z - GET /api/patients - undefined
2026-02-10T14:19:25.392Z - GET /api/patients - undefined
2026-02-10T14:19:27.103Z - GET /api/patients - undefined
2026-02-10T14:19:27.112Z - GET /api/patients - undefined
2026-02-10T14:20:12.299Z - GET /api/patients - undefined
2026-02-10T14:20:12.309Z - GET /api/patients - undefined
2026-02-10T14:20:14.297Z - GET /api/patients/698b3e027f2e9c135dd97792 - undefined
2026-02-10T14:20:14.308Z - GET /api/patients/698b3e027f2e9c135dd97792 - undefined
2026-02-10T14:20:14.315Z - GET /api/memories/patient/698b3e027f2e9c135dd97792 - undefined
2026-02-10T14:20:14.336Z - GET /api/memories/patient/698b3e027f2e9c135dd97792 - undefined
2026-02-10T14:20:34.646Z - POST /api/memories - undefined
2026-02-10T14:20:34.660Z - GET /api/patients/698b3e027f2e9c135dd97792 - undefined
2026-02-10T14:20:34.678Z - GET /api/memories/patient/698b3e027f2e9c135dd97792 - undefined
2026-02-10T14:20:34.704Z - GET /uploads/1770733234648-isolated-simple-black-human-figure-sign-icon-on-white-background-vector.jpg - undefined
2026-02-10T14:20:55.832Z - POST /api/memories - undefined
2026-02-10T14:20:55.846Z - GET /api/patients/698b3e027f2e9c135dd97792 - undefined
2026-02-10T14:20:55.865Z - GET /api/memories/patient/698b3e027f2e9c135dd97792 - undefined
2026-02-10T14:20:55.894Z - GET /uploads/1770733255834-break1.webp - undefined
2026-02-10T14:21:30.543Z - GET /uploads/1770733255834-break1.webp - undefined
2026-02-10T14:21:30.544Z - GET /uploads/1770733234648-isolated-simple-black-human-figure-sign-icon-on-white-background-vector.jpg - undefined
2026-02-10T14:21:34.216Z - GET /uploads/1770733255834-break1.webp - undefined
2026-02-10T14:21:34.217Z - GET /uploads/1770733234648-isolated-simple-black-human-figure-sign-icon-on-white-background-vector.jpg - undefined
2026-02-10T14:21:39.120Z - GET /uploads/1770733255834-break1.webp - undefined
2026-02-10T14:21:39.121Z - GET /uploads/1770733234648-isolated-simple-black-human-figure-sign-icon-on-white-background-vector.jpg - undefined
2026-02-10T14:21:56.200Z - POST /api/capsules/generate - {"patientId":"698b3e027f2e9c135dd97792","memoryIds":["698b3ec77f2e9c135dd977c6","698b3eb27f2e9c135dd977c2","698b3e237f2e9c135dd97799"],"title":"Life Journey: Alex"}
2026-02-10T14:21:56.542Z - GET /api/capsules/698b3f047f2e9c135dd977cb - undefined
2026-02-10T14:21:56.551Z - GET /api/capsules/698b3f047f2e9c135dd977cb - undefined
2026-02-10T14:22:31.884Z - GET /api/patients/698b3e027f2e9c135dd97792 - undefined
2026-02-10T14:22:31.896Z - GET /api/patients/698b3e027f2e9c135dd97792 - undefined
2026-02-10T14:22:31.905Z - GET /api/capsules/patient/698b3e027f2e9c135dd97792 - undefined
2026-02-10T14:22:31.916Z - GET /api/capsules/patient/698b3e027f2e9c135dd97792 - undefined
2026-02-10T14:22:34.604Z - GET /api/patients - undefined
2026-02-10T14:22:34.614Z - GET /api/patients - undefined
